[2025-11-08 10:27:14:2714] [32minfo[39m: [32mMongoDB connected successfully.[39m
[2025-11-08 14:38:29:3829] [32minfo[39m: [32mMongoDB connected successfully.[39m
[2025-11-08 16:10:04:104] [32minfo[39m: [32mMongoDB connected successfully.[39m
[2025-11-08 16:16:39:1639] [32minfo[39m: [32mMongoDB connected successfully.[39m
[2025-11-08 16:17:56:1756] [32minfo[39m: [32mMongoDB connected successfully.[39m
[2025-11-08 16:19:09:199] [32minfo[39m: [32mMongoDB connected successfully.[39m
[2025-11-08 16:19:56:1956] [32minfo[39m: [32mMongoDB connected successfully.[39m
[2025-11-08 16:21:38:2138] [32minfo[39m: [32mMongoDB connected successfully.[39m
[2025-11-08 16:26:29:2629] [32minfo[39m: [32mMongoDB connected successfully.[39m
[2025-11-08 16:27:07:277] [32minfo[39m: [32mMongoDB connected successfully.[39m
[2025-11-08 16:28:04:284] [31merror[39m: [31mUNHANDLED ERROR: Cannot destructure property 'checkInDate' of 'req.body' as it is undefined.[39m
TypeError: Cannot destructure property 'checkInDate' of 'req.body' as it is undefined.
    at createBooking (D:\Elight Group\Git Lab\backend\src\controllers\booking.controller.ts:8:17)
    at Layer.handleRequest (D:\Elight Group\Git Lab\backend\node_modules\router\lib\layer.js:152:17)
    at next (D:\Elight Group\Git Lab\backend\node_modules\router\lib\route.js:157:13)
    at D:\Elight Group\Git Lab\backend\src\middleware\auth.middleware.ts:46:5
    at Layer.handleRequest (D:\Elight Group\Git Lab\backend\node_modules\router\lib\layer.js:152:17)
    at next (D:\Elight Group\Git Lab\backend\node_modules\router\lib\route.js:157:13)
    at Route.dispatch (D:\Elight Group\Git Lab\backend\node_modules\router\lib\route.js:117:3)
    at handle (D:\Elight Group\Git Lab\backend\node_modules\router\index.js:435:11)
    at Layer.handleRequest (D:\Elight Group\Git Lab\backend\node_modules\router\lib\layer.js:152:17)
    at D:\Elight Group\Git Lab\backend\node_modules\router\index.js:295:15
[2025-11-08 16:29:54:2954] [32minfo[39m: [32mMongoDB connected successfully.[39m
[2025-11-08 16:30:05:305] [31merror[39m: [31mUNHANDLED ERROR: Cannot destructure property 'checkInDate' of 'req.body' as it is undefined.[39m
TypeError: Cannot destructure property 'checkInDate' of 'req.body' as it is undefined.
    at createBooking (D:\Elight Group\Git Lab\backend\src\controllers\booking.controller.ts:9:17)
    at Layer.handleRequest (D:\Elight Group\Git Lab\backend\node_modules\router\lib\layer.js:152:17)
    at next (D:\Elight Group\Git Lab\backend\node_modules\router\lib\route.js:157:13)
    at D:\Elight Group\Git Lab\backend\src\middleware\auth.middleware.ts:46:5
    at Layer.handleRequest (D:\Elight Group\Git Lab\backend\node_modules\router\lib\layer.js:152:17)
    at next (D:\Elight Group\Git Lab\backend\node_modules\router\lib\route.js:157:13)
    at Route.dispatch (D:\Elight Group\Git Lab\backend\node_modules\router\lib\route.js:117:3)
    at handle (D:\Elight Group\Git Lab\backend\node_modules\router\index.js:435:11)
    at Layer.handleRequest (D:\Elight Group\Git Lab\backend\node_modules\router\lib\layer.js:152:17)
    at D:\Elight Group\Git Lab\backend\node_modules\router\index.js:295:15
[2025-11-08 16:33:54:3354] [32minfo[39m: [32mMongoDB connected successfully.[39m
[2025-11-08 16:42:56:4256] [32minfo[39m: [32mMongoDB connected successfully.[39m
[2025-11-08 16:43:03:433] [32minfo[39m: [32mMongoDB connected successfully.[39m
[2025-11-08 16:43:15:4315] [32minfo[39m: [32mMongoDB connected successfully.[39m
[2025-11-08 16:46:10:4610] [32minfo[39m: [32mMongoDB connected successfully.[39m
[2025-11-08 16:46:59:4659] [32minfo[39m: [32mMongoDB connected successfully.[39m
[2025-11-08 16:47:14:4714] [32minfo[39m: [32mMongoDB connected successfully.[39m
[2025-11-08 16:47:47:4747] [32minfo[39m: [32mMongoDB connected successfully.[39m
[2025-11-08 16:48:42:4842] [32minfo[39m: [32mMongoDB connected successfully.[39m
[2025-11-08 16:52:37:5237] [32minfo[39m: [32mMongoDB connected successfully.[39m
[2025-11-08 16:57:57:5757] [32minfo[39m: [32mMongoDB connected successfully.[39m
[2025-11-08 16:58:14:5814] [32minfo[39m: [32mMongoDB connected successfully.[39m
[2025-11-08 17:04:47:447] [32minfo[39m: [32mMongoDB connected successfully.[39m
[2025-11-08 17:10:17:1017] [32minfo[39m: [32mMongoDB connected successfully.[39m
[2025-11-08 17:10:35:1035] [32minfo[39m: [32mMongoDB connected successfully.[39m
[2025-11-08 17:10:58:1058] [32minfo[39m: [32mMongoDB connected successfully.[39m
[2025-11-08 17:33:42:3342] [32minfo[39m: [32mMongoDB connected successfully.[39m
[2025-11-08 17:34:09:349] [32minfo[39m: [32mMongoDB connected successfully.[39m
[2025-11-08 17:36:19:3619] [32minfo[39m: [32mMongoDB connected successfully.[39m
[2025-11-08 17:39:08:398] [32minfo[39m: [32mMongoDB connected successfully.[39m
[2025-11-08 17:42:44:4244] [32minfo[39m: [32mMongoDB connected successfully.[39m
[2025-11-08 17:44:09:449] [32minfo[39m: [32mMongoDB connected successfully.[39m
[2025-11-08 17:44:44:4444] [32minfo[39m: [32mMongoDB connected successfully.[39m
[2025-11-08 17:45:11:4511] [32minfo[39m: [32mMongoDB connected successfully.[39m
[2025-11-08 17:45:58:4558] [32minfo[39m: [32mMongoDB connected successfully.[39m
[2025-11-08 17:47:05:475] [32minfo[39m: [32mMongoDB connected successfully.[39m
[2025-11-08 17:47:19:4719] [32minfo[39m: [32mMongoDB connected successfully.[39m
[2025-11-08 17:47:39:4739] [32minfo[39m: [32mMongoDB connected successfully.[39m
[2025-11-08 17:52:12:5212] [32minfo[39m: [32mMongoDB connected successfully.[39m
[2025-11-08 17:52:42:5242] [32minfo[39m: [32mMongoDB connected successfully.[39m
[2025-11-08 17:53:05:535] [32minfo[39m: [32mMongoDB connected successfully.[39m
[2025-11-08 17:53:43:5343] [32minfo[39m: [32mMongoDB connected successfully.[39m
[2025-11-08 17:54:45:5445] [32minfo[39m: [32mMongoDB connected successfully.[39m
[2025-11-08 17:56:09:569] [32minfo[39m: [32mMongoDB connected successfully.[39m
[2025-11-08 17:58:51:5851] [32minfo[39m: [32mMongoDB connected successfully.[39m
[2025-11-08 17:58:59:5859] [32minfo[39m: [32mMongoDB connected successfully.[39m
[2025-11-08 17:59:36:5936] [32minfo[39m: [32mMongoDB connected successfully.[39m
[2025-11-08 18:00:16:016] [32minfo[39m: [32mMongoDB connected successfully.[39m
[2025-11-08 18:01:59:159] [32minfo[39m: [32mMongoDB connected successfully.[39m
[2025-11-08 18:02:13:213] [32minfo[39m: [32mMongoDB connected successfully.[39m
[2025-11-08 18:11:46:1146] [32minfo[39m: [32mMongoDB connected successfully.[39m
[2025-11-08 18:13:13:1313] [32minfo[39m: [32mMongoDB connected successfully.[39m
[2025-11-08 18:24:45:2445] [32minfo[39m: [32mMongoDB connected successfully.[39m
