[2025-11-10 09:23:24:2324] [32minfo[39m: [32mMongoDB connected successfully.[39m
[2025-11-10 09:27:53:2753] [32minfo[39m: [32mMongoDB connected successfully.[39m
[2025-11-10 09:28:46:2846] [32minfo[39m: [32mMongoDB connected successfully.[39m
[2025-11-10 09:38:46:3846] [32minfo[39m: [32mMongoDB connected successfully.[39m
[2025-11-10 09:39:47:3947] [32minfo[39m: [32mMongoDB connected successfully.[39m
[2025-11-10 09:41:41:4141] [32minfo[39m: [32mMongoDB connected successfully.[39m
[2025-11-10 09:42:02:422] [32minfo[39m: [32mMongoDB connected successfully.[39m
[2025-11-10 09:42:24:4224] [32minfo[39m: [32mMongoDB connected successfully.[39m
[2025-11-10 09:44:08:448] [32minfo[39m: [32mMongoDB connected successfully.[39m
[2025-11-10 09:44:27:4427] [32minfo[39m: [32mMongoDB connected successfully.[39m
[2025-11-10 09:46:30:4630] [32minfo[39m: [32mMongoDB connected successfully.[39m
[2025-11-10 09:54:45:5445] [32minfo[39m: [32mMongoDB connected successfully.[39m
[2025-11-10 09:57:05:575] [32minfo[39m: [32mMongoDB connected successfully.[39m
[2025-11-10 09:59:32:5932] [31merror[39m: [31mUNHANDLED ERROR: Cannot destructure property 'status' of 'req.body' as it is undefined.[39m
TypeError: Cannot destructure property 'status' of 'req.body' as it is undefined.
    at updateBookingStatus (D:\Elight Group\Git Lab\backend\src\controllers\booking.controller.ts:104:13)
    at Layer.handleRequest (D:\Elight Group\Git Lab\backend\node_modules\router\lib\layer.js:152:17)
    at next (D:\Elight Group\Git Lab\backend\node_modules\router\lib\route.js:157:13)
    at D:\Elight Group\Git Lab\backend\src\middleware\auth.middleware.ts:46:5
    at Layer.handleRequest (D:\Elight Group\Git Lab\backend\node_modules\router\lib\layer.js:152:17)
    at next (D:\Elight Group\Git Lab\backend\node_modules\router\lib\route.js:157:13)
    at Route.dispatch (D:\Elight Group\Git Lab\backend\node_modules\router\lib\route.js:117:3)
    at handle (D:\Elight Group\Git Lab\backend\node_modules\router\index.js:435:11)
    at Layer.handleRequest (D:\Elight Group\Git Lab\backend\node_modules\router\lib\layer.js:152:17)
    at D:\Elight Group\Git Lab\backend\node_modules\router\index.js:295:15
[2025-11-10 10:00:23:023] [32minfo[39m: [32mMongoDB connected successfully.[39m
[2025-11-10 10:00:33:033] [32minfo[39m: [32mMongoDB connected successfully.[39m
[2025-11-10 10:01:08:18] [32minfo[39m: [32mMongoDB connected successfully.[39m
[2025-11-10 10:02:27:227] [32minfo[39m: [32mMongoDB connected successfully.[39m
[2025-11-10 10:04:46:446] [32minfo[39m: [32mMongoDB connected successfully.[39m
[2025-11-10 10:05:04:54] [32minfo[39m: [32mMongoDB connected successfully.[39m
[2025-11-10 10:09:32:932] [32minfo[39m: [32mMongoDB connected successfully.[39m
[2025-11-10 11:30:58:3058] [32minfo[39m: [32mMongoDB connected successfully.[39m
[2025-11-10 11:37:03:373] [32minfo[39m: [32mMongoDB connected successfully.[39m
[2025-11-10 11:39:43:3943] [32minfo[39m: [32mMongoDB connected successfully.[39m
[2025-11-10 11:40:56:4056] [32minfo[39m: [32mMongoDB connected successfully.[39m
[2025-11-10 11:46:36:4636] [32minfo[39m: [32mMongoDB connected successfully.[39m
[2025-11-10 11:47:04:474] [32minfo[39m: [32mMongoDB connected successfully.[39m
[2025-11-10 11:54:57:5457] [32minfo[39m: [32mMongoDB connected successfully.[39m
[2025-11-10 11:55:09:559] [32minfo[39m: [32mMongoDB connected successfully.[39m
[2025-11-10 11:55:23:5523] [32minfo[39m: [32mMongoDB connected successfully.[39m
[2025-11-10 11:55:34:5534] [32minfo[39m: [32mMongoDB connected successfully.[39m
[2025-11-10 11:55:56:5556] [32minfo[39m: [32mMongoDB connected successfully.[39m
[2025-11-10 11:56:13:5613] [32minfo[39m: [32mMongoDB connected successfully.[39m
[2025-11-10 11:56:25:5625] [32minfo[39m: [32mMongoDB connected successfully.[39m
[2025-11-10 11:59:12:5912] [32minfo[39m: [32mMongoDB connected successfully.[39m
[2025-11-10 11:59:30:5930] [32minfo[39m: [32mMongoDB connected successfully.[39m
[2025-11-10 11:59:58:5958] [32minfo[39m: [32mMongoDB connected successfully.[39m
[2025-11-10 12:00:33:033] [32minfo[39m: [32mMongoDB connected successfully.[39m
[2025-11-10 12:01:45:145] [32minfo[39m: [32mMongoDB connected successfully.[39m
[2025-11-10 12:02:07:27] [32minfo[39m: [32mMongoDB connected successfully.[39m
[2025-11-10 12:03:10:310] [32minfo[39m: [32mMongoDB connected successfully.[39m
[2025-11-10 12:03:36:336] [32minfo[39m: [32mMongoDB connected successfully.[39m
[2025-11-10 12:04:15:415] [32minfo[39m: [32mMongoDB connected successfully.[39m
[2025-11-10 12:04:37:437] [32minfo[39m: [32mMongoDB connected successfully.[39m
[2025-11-10 12:05:04:54] [32minfo[39m: [32mMongoDB connected successfully.[39m
[2025-11-10 12:07:29:729] [32minfo[39m: [32mMongoDB connected successfully.[39m
[2025-11-10 12:37:45:3745] [32minfo[39m: [32mMongoDB connected successfully.[39m
[2025-11-10 12:38:01:381] [32minfo[39m: [32mMongoDB connected successfully.[39m
[2025-11-10 12:38:15:3815] [32minfo[39m: [32mMongoDB connected successfully.[39m
[2025-11-10 12:38:32:3832] [32minfo[39m: [32mMongoDB connected successfully.[39m
[2025-11-10 12:38:59:3859] [32minfo[39m: [32mMongoDB connected successfully.[39m
[2025-11-10 12:42:45:4245] [32minfo[39m: [32mMongoDB connected successfully.[39m
[2025-11-10 12:50:15:5015] [32minfo[39m: [32mMongoDB connected successfully.[39m
[2025-11-10 12:50:34:5034] [32minfo[39m: [32mMongoDB connected successfully.[39m
[2025-11-10 12:55:31:5531] [32minfo[39m: [32mMongoDB connected successfully.[39m
[2025-11-10 12:56:22:5622] [32minfo[39m: [32mMongoDB connected successfully.[39m
[2025-11-10 12:57:30:5730] [32minfo[39m: [32mMongoDB connected successfully.[39m
[2025-11-10 14:39:33:3933] [32minfo[39m: [32mMongoDB connected successfully.[39m
[2025-11-10 14:41:13:4113] [32minfo[39m: [32mMongoDB connected successfully.[39m
[2025-11-10 15:00:14:014] [32minfo[39m: [32mMongoDB connected successfully.[39m
[2025-11-10 15:09:27:927] [32minfo[39m: [32mMongoDB connected successfully.[39m
[2025-11-10 15:20:33:2033] [32minfo[39m: [32mMongoDB connected successfully.[39m
[2025-11-10 15:22:57:2257] [32minfo[39m: [32mMongoDB connected successfully.[39m
[2025-11-10 15:23:17:2317] [32minfo[39m: [32mMongoDB connected successfully.[39m
[2025-11-10 15:24:36:2436] [32minfo[39m: [32mMongoDB connected successfully.[39m
[2025-11-10 15:24:51:2451] [32minfo[39m: [32mMongoDB connected successfully.[39m
[2025-11-10 15:28:20:2820] [32minfo[39m: [32mMongoDB connected successfully.[39m
[2025-11-10 15:37:53:3753] [32minfo[39m: [32mMongoDB connected successfully.[39m
[2025-11-10 15:41:51:4151] [32minfo[39m: [32mMongoDB connected successfully.[39m
[2025-11-10 15:51:36:5136] [32minfo[39m: [32mMongoDB connected successfully.[39m
[2025-11-10 15:54:58:5458] [32minfo[39m: [32mMongoDB connected successfully.[39m
